<?xml version="1.0" encoding="UTF-8"?>
<testsuites name="jest tests" tests="5" failures="0" time="12.644">
  <testsuite name="undefined" errors="0" failures="0" skipped="0" timestamp="2019-11-20T18:26:01" time="4.614" tests="2">
    <testcase classname=" Female non-smoker 65" name=" Female non-smoker 65" time="0.014">
    </testcase>
    <testcase classname=" Male smoker 40" name=" Male smoker 40" time="0.002">
    </testcase>
  </testsuite>
  <testsuite name="undefined" errors="0" failures="0" skipped="0" timestamp="2019-11-20T18:26:01" time="4.867" tests="1">
    <testcase classname=" hello barney (src)" name=" hello barney (src)" time="0.012">
    </testcase>
  </testsuite>
  <testsuite name="undefined" errors="0" failures="0" skipped="0" timestamp="2019-11-20T18:26:01" time="5.145" tests="2">
    <testcase classname=" Female non-smoker 65" name=" Female non-smoker 65" time="0.006">
    </testcase>
    <testcase classname=" Male smoker 40" name=" Male smoker 40" time="0">
    </testcase>
  </testsuite>
</testsuites>